c:\users\dawid\desktop\nc++\nxaf_consoleold\nxaf_console\x64\release\vc142.pdb
c:\users\dawid\desktop\nc++\nxaf_consoleold\nxaf_console\x64\release\xaf.obj
c:\users\dawid\desktop\nc++\nxaf_consoleold\nxaf_console\x64\release\wstr.obj
c:\users\dawid\desktop\nc++\nxaf_consoleold\nxaf_console\x64\release\textures.obj
c:\users\dawid\desktop\nc++\nxaf_consoleold\nxaf_console\x64\release\quickqueue.obj
c:\users\dawid\desktop\nc++\nxaf_consoleold\nxaf_console\x64\release\nxaf_console.obj
c:\users\dawid\desktop\nc++\nxaf_consoleold\nxaf_console\x64\release\memalloc.obj
c:\users\dawid\desktop\nc++\nxaf_consoleold\nxaf_console\x64\release\linkedlist.obj
c:\users\dawid\desktop\nc++\nxaf_consoleold\nxaf_console\x64\release\ginterface.obj
c:\users\dawid\desktop\nc++\nxaf_consoleold\nxaf_console\x64\release\compressed_file.obj
c:\users\dawid\desktop\nc++\nxaf_consoleold\nxaf_console\x64\release\basic_linked_list.obj
c:\users\dawid\desktop\nc++\nxaf_consoleold\nxaf_console\x64\release\array.obj
c:\users\dawid\desktop\nc++\nxaf_consoleold\x64\release\nxaf.exe
c:\users\dawid\desktop\nc++\nxaf_consoleold\nxaf_console\x64\release\nxaf.ipdb
c:\users\dawid\desktop\nc++\nxaf_consoleold\nxaf_console\x64\release\nxaf.iobj
c:\users\dawid\desktop\nc++\nxaf_consoleold\x64\release\nxaf.pdb
c:\users\dawid\desktop\nc++\nxaf_consoleold\nxaf_console\x64\release\nxaf.tlog\cl.command.1.tlog
c:\users\dawid\desktop\nc++\nxaf_consoleold\nxaf_console\x64\release\nxaf.tlog\cl.read.1.tlog
c:\users\dawid\desktop\nc++\nxaf_consoleold\nxaf_console\x64\release\nxaf.tlog\cl.write.1.tlog
c:\users\dawid\desktop\nc++\nxaf_consoleold\nxaf_console\x64\release\nxaf.tlog\link.command.1.tlog
c:\users\dawid\desktop\nc++\nxaf_consoleold\nxaf_console\x64\release\nxaf.tlog\link.read.1.tlog
c:\users\dawid\desktop\nc++\nxaf_consoleold\nxaf_console\x64\release\nxaf.tlog\link.write.1.tlog
